<?xml version="1.0" encoding="UTF-8"?>
<!-- Generated by org.testng.reporters.JUnitReportReporter -->
<testsuite hostname="DESKTOP-QDC0UDM" failures="0" tests="1" name="testCases.TC_001AccountRegisterationTest" time="5.504" errors="0" timestamp="2025-09-07T13:39:16 IST" skipped="0">
  <testcase classname="testCases.TC_001AccountRegisterationTest" name="verify_acc_reg" time="5.504"/>
</testsuite> <!-- testCases.TC_001AccountRegisterationTest -->
